Explicação do google GEMINI:

For this case, the MySQL query seems to be faster again based on the provided explain plans. Here's the breakdown:

PostgreSQL:

The explain plan shows an Aggregate operation as the main cost driver. This means it's spending a significant amount of time aggregating data from the lineitem table.
There's a Hash Join involved that joins lineitem and part tables. Hash joins can be slower than other join types like indexed nested loop joins for large datasets.
The subquery to calculate the average quantity also uses a sequential scan on the lineitem table, which might be inefficient for large tables.
MySQL:

The explain plan uses a nested loop join, but it seems to be accessing the part table using a full table scan, which can be improved.
However, the subquery to calculate the average quantity uses an index on the L_PARTKEY column to access data from the lineitem table, which is more efficient than a full table scan.
Overall, the cost of the full table scan on part in MySQL might be outweighed by the efficiency of the subquery compared to the full scan and hash join in PostgreSQL.
Important Caveats:

Similar to the previous case, the actual performance can vary depending on factors like table sizes and hardware configurations.
The explain plans are estimations, and the actual execution might differ slightly.
Recommendations:

Consider creating an index on the P_BRAND and P_CONTAINER columns in the PostgreSQL part table. This could significantly improve the performance of the main join.
You can also explore rewriting the query to avoid a full table scan on the part table in PostgreSQL, potentially using a semi-join or other techniques depending on the specific requirements.
Remember, the best approach is to run the queries on your specific database system and measure the actual execution time to determine the most efficient option for your case.


-------------------------------------------------------------------------------------------------------------------

Explicação do chatGPT:

Para determinar qual plano de execução é mais rápido, é necessário analisar vários aspectos, como custo total, métodos de acesso aos dados, índices utilizados e filtros aplicados. Vou comparar os principais pontos de ambos os planos de execução:

Custo Total:
Postgres: 41730396.22
MySQL: 1474517.44
Acesso aos Dados:
Postgres utiliza uma combinação de varreduras sequenciais e junções hash.
MySQL usa loops aninhados com acesso total à tabela "PART" e um acesso de referência à tabela "LINEITEM".
Filtros:
Ambos os bancos de dados aplicam filtros, mas o MySQL usa uma subconsulta para calcular um valor baseado na média de uma coluna.
Com base nessas informações, o plano de execução do MySQL parece ser mais eficiente em termos de custo total, com um valor muito menor do que o do Postgres. No entanto, a eficiência real dependerá do tamanho das tabelas, dos índices disponíveis, da distribuição dos dados e de outros fatores específicos do ambiente de execução. Recomendaria testar ambos os planos em um ambiente de teste semelhante ao de produção para determinar qual oferece o melhor desempenho na prática.



-------------------------------------------------------------------------------------------------------------------

POSTGRES:


"Aggregate  (cost=41730396.21..41730396.22 rows=1 width=32)"
"  ->  Hash Join  (cost=109687.38..41730291.46 rows=41898 width=8)"
"        Hash Cond: (lineitem.l_partkey = part.p_partkey)"
"        Join Filter: (lineitem.l_quantity < (SubPlan 1))"
"        ->  Seq Scan on lineitem  (cost=0.00..3482341.08 rows=119994608 width=17)"
"        ->  Hash  (cost=109635.00..109635.00 rows=4190 width=4)"
"              ->  Gather  (cost=1000.00..109635.00 rows=4190 width=4)"
"                    Workers Planned: 2"
"                    ->  Parallel Seq Scan on part  (cost=0.00..108216.00 rows=1746 width=4)"
"                          Filter: ((p_brand = 'Brand#44'::bpchar) AND (p_container = 'WRAP PKG'::bpchar))"
"        SubPlan 1"
"          ->  Aggregate  (cost=3782327.69..3782327.70 rows=1 width=32)"
"                ->  Seq Scan on lineitem lineitem_1  (cost=0.00..3782327.60 rows=35 width=5)"
"                      Filter: (l_partkey = part.p_partkey)"


-------------------------------------------------------------------------------------------------------------------

MYSQL:

| {
  "query_block": {
    "select_id": 1,
    "cost_info": {
      "query_cost": "1474517.44"
    },
    "nested_loop": [
      {
        "table": {
          "table_name": "PART",
          "access_type": "ALL",
          "possible_keys": [
            "PRIMARY"
          ],
          "rows_examined_per_scan": 3960407,
          "rows_produced_per_join": 39604,
          "filtered": "1.00",
          "cost_info": {
            "read_cost": "433484.68",
            "eval_cost": "3960.41",
            "prefix_cost": "437445.09",
            "data_read_per_join": "23M"
          },
          "used_columns": [
            "P_PARTKEY",
            "P_BRAND",
            "P_CONTAINER"
          ],
          "attached_condition": "((`tpchassignment`.`part`.`P_CONTAINER` = 'WRAP PKG') and (`tpchassignment`.`part`.`P_BRAND` = 'Brand#44'))"
        }
      },
      {
        "table": {
          "table_name": "LINEITEM",
          "access_type": "ref",
          "possible_keys": [
            "L_PARTKEY"
          ],
          "key": "L_PARTKEY",
          "used_key_parts": [
            "L_PARTKEY"
          ],
          "key_length": "4",
          "ref": [
            "tpchassignment.PART.P_PARTKEY"
          ],
          "rows_examined_per_scan": 27,
          "rows_produced_per_join": 1077351,
          "filtered": "100.00",
          "cost_info": {
            "read_cost": "929337.23",
            "eval_cost": "107735.12",
            "prefix_cost": "1474517.44",
            "data_read_per_join": "394M"
          },
          "used_columns": [
            "L_PARTKEY",
            "L_QUANTITY",
            "L_EXTENDEDPRICE"
          ],
          "attached_condition": "(`tpchassignment`.`lineitem`.`L_QUANTITY` < (/* select#2 */ select (0.2 * avg(`tpchassignment`.`lineitem`.`L_QUANTITY`)) from `tpchassignment`.`lineitem` where (`tpchassignment`.`lineitem`.`L_PARTKEY` = `tpchassignment`.`part`.`P_PARTKEY`)))",
          "attached_subqueries": [
            {
              "dependent": true,
              "cacheable": false,
              "query_block": {
                "select_id": 2,
                "cost_info": {
                  "query_cost": "26.19"
                },
                "table": {
                  "table_name": "LINEITEM",
                  "access_type": "ref",
                  "possible_keys": [
                    "L_PARTKEY"
                  ],
                  "key": "L_PARTKEY",
                  "used_key_parts": [
                    "L_PARTKEY"
                  ],
                  "key_length": "4",
                  "ref": [
                    "tpchassignment.PART.P_PARTKEY"
                  ],
                  "rows_examined_per_scan": 27,
                  "rows_produced_per_join": 27,
                  "filtered": "100.00",
                  "cost_info": {
                    "read_cost": "23.47",
                    "eval_cost": "2.72",
                    "prefix_cost": "26.19",
                    "data_read_per_join": "10K"
                  },
                  "used_columns": [
                    "L_PARTKEY",
                    "L_QUANTITY"
                  ]
                }
              }
            }
          ]
        }
      }
    ]
  }
} |
