Thread 0 -> Explain plan for Query/1.sql:
('{\n  "query_block": {\n    "select_id": 1,\n    "cost_info": {\n      "query_cost": "51448703.19"\n    },\n    "ordering_operation": {\n      "using_filesort": false,\n      "grouping_operation": {\n        "using_temporary_table": true,\n        "using_filesort": true,\n        "cost_info": {\n          "sort_cost": "38681395.19"\n        },\n        "table": {\n          "table_name": "LINEITEM",\n          "access_type": "ALL",\n          "rows_examined_per_scan": 116055800,\n          "rows_produced_per_join": 38681395,\n          "filtered": "33.33",\n          "cost_info": {\n            "read_cost": "8899168.25",\n            "eval_cost": "3868139.52",\n            "prefix_cost": "12767308.00",\n            "data_read_per_join": "13G"\n          },\n          "used_columns": [\n            "L_QUANTITY",\n            "L_EXTENDEDPRICE",\n            "L_DISCOUNT",\n            "L_TAX",\n            "L_RETURNFLAG",\n            "L_LINESTATUS",\n            "L_SHIPDATE"\n          ],\n          "attached_condition": "(`tpchsgd`.`lineitem`.`L_SHIPDATE` <= <cache>((DATE\'1998-12-01\' - interval \'108\' day)))"\n        }\n      }\n    }\n  }\n}',)
Thread 0 -> Explain plan for Query/2.sql:
('{\n  "query_block": {\n    "select_id": 1,\n    "cost_info": {\n      "query_cost": "3.1158979601333e+15"\n    },\n    "ordering_operation": {\n      "using_temporary_table": true,\n      "using_filesort": true,\n      "nested_loop": [\n        {\n          "table": {\n            "table_name": "REGION",\n            "access_type": "ALL",\n            "rows_examined_per_scan": 10,\n            "rows_produced_per_join": 1,\n            "filtered": "10.00",\n            "cost_info": {\n              "read_cost": "1.15",\n              "eval_cost": "0.10",\n              "prefix_cost": "1.25",\n              "data_read_per_join": "720"\n            },\n            "used_columns": [\n              "R_REGIONKEY",\n              "R_NAME"\n            ],\n            "attached_condition": "(`tpchsgd`.`region`.`R_NAME` = \'ASIA\')"\n          }\n        },\n        {\n          "table": {\n            "table_name": "NATION",\n            "access_type": "ALL",\n            "rows_examined_per_scan": 25,\n            "rows_produced_per_join": 2,\n            "filtered": "10.00",\n            "using_join_buffer": "hash join",\n            "cost_info": {\n              "read_cost": "0.25",\n              "eval_cost": "0.25",\n              "prefix_cost": "4.00",\n              "data_read_per_join": "1K"\n            },\n            "used_columns": [\n              "N_NATIONKEY",\n              "N_NAME",\n              "N_REGIONKEY"\n            ],\n            "attached_condition": "(`tpchsgd`.`nation`.`N_REGIONKEY` = `tpchsgd`.`region`.`R_REGIONKEY`)"\n          }\n        },\n        {\n          "table": {\n            "table_name": "SUPPLIER",\n            "access_type": "ALL",\n            "rows_examined_per_scan": 198254,\n            "rows_produced_per_join": 49563,\n            "filtered": "10.00",\n            "using_join_buffer": "hash join",\n            "cost_info": {\n              "read_cost": "586.18",\n              "eval_cost": "4956.35",\n              "prefix_cost": "50153.68",\n              "data_read_per_join": "35M"\n            },\n            "used_columns": [\n              "S_SUPPKEY",\n              "S_NAME",\n              "S_ADDRESS",\n              "S_NATIONKEY",\n              "S_PHONE",\n              "S_ACCTBAL",\n              "S_COMMENT"\n            ],\n            "attached_condition": "(`tpchsgd`.`supplier`.`S_NATIONKEY` = `tpchsgd`.`nation`.`N_NATIONKEY`)"\n          }\n        },\n        {\n          "table": {\n            "table_name": "PART",\n            "access_type": "ALL",\n            "rows_examined_per_scan": 3938257,\n            "rows_produced_per_join": 2168603155,\n            "filtered": "1.11",\n            "using_join_buffer": "hash join",\n            "cost_info": {\n              "read_cost": "78354808.03",\n              "eval_cost": "216860315.58",\n              "prefix_cost": "295265290.22",\n              "data_read_per_join": "1T"\n            },\n            "used_columns": [\n              "P_PARTKEY",\n              "P_MFGR",\n              "P_TYPE",\n              "P_SIZE"\n            ],\n            "attached_condition": "((`tpchsgd`.`part`.`P_SIZE` = 30) and (`tpchsgd`.`part`.`P_TYPE` like \'%STEEL\'))"\n          }\n        },\n        {\n          "table": {\n            "table_name": "PARTSUPP",\n            "access_type": "ALL",\n            "rows_examined_per_scan": 14360913,\n            "rows_produced_per_join": 311431234556418,\n            "filtered": "1.00",\n            "using_join_buffer": "hash join",\n            "cost_info": {\n              "read_cost": "1585539736483.81",\n              "eval_cost": "31143123455641.87",\n              "prefix_cost": "3.1158979601333e+15",\n              "data_read_per_join": "227P"\n            },\n            "used_columns": [\n              "PS_PARTKEY",\n              "PS_SUPPKEY",\n              "PS_SUPPLYCOST"\n            ],\n            "attached_condition": "((`tpchsgd`.`partsupp`.`PS_SUPPKEY` = `tpchsgd`.`supplier`.`S_SUPPKEY`) and (`tpchsgd`.`partsupp`.`PS_PARTKEY` = `tpchsgd`.`part`.`P_PARTKEY`) and (`tpchsgd`.`partsupp`.`PS_SUPPLYCOST` = (/* select#2 */ select min(`tpchsgd`.`partsupp`.`PS_SUPPLYCOST`) from `tpchsgd`.`partsupp` join `tpchsgd`.`supplier` join `tpchsgd`.`nation` join `tpchsgd`.`region` where ((`tpchsgd`.`region`.`R_NAME` = \'ASIA\') and (`tpchsgd`.`nation`.`N_REGIONKEY` = `tpchsgd`.`region`.`R_REGIONKEY`) and (`tpchsgd`.`supplier`.`S_NATIONKEY` = `tpchsgd`.`nation`.`N_NATIONKEY`) and (`tpchsgd`.`partsupp`.`PS_SUPPKEY` = `tpchsgd`.`supplier`.`S_SUPPKEY`) and (`tpchsgd`.`part`.`P_PARTKEY` = `tpchsgd`.`partsupp`.`PS_PARTKEY`)))))",\n            "attached_subqueries": [\n              {\n                "dependent": true,\n                "cacheable": false,\n                "query_block": {\n                  "select_id": 2,\n                  "cost_info": {\n                    "query_cost": "71181668326.07"\n                  },\n                  "nested_loop": [\n                    {\n                      "table": {\n                        "table_name": "REGION",\n                        "access_type": "ALL",\n                        "rows_examined_per_scan": 10,\n                        "rows_produced_per_join": 1,\n                        "filtered": "10.00",\n                        "cost_info": {\n                          "read_cost": "1.15",\n                          "eval_cost": "0.10",\n                          "prefix_cost": "1.25",\n                          "data_read_per_join": "720"\n                        },\n                        "used_columns": [\n                          "R_REGIONKEY",\n                          "R_NAME"\n                        ],\n                        "attached_condition": "(`tpchsgd`.`region`.`R_NAME` = \'ASIA\')"\n                      }\n                    },\n                    {\n                      "table": {\n                        "table_name": "NATION",\n                        "access_type": "ALL",\n                        "rows_examined_per_scan": 25,\n                        "rows_produced_per_join": 2,\n                        "filtered": "10.00",\n                        "using_join_buffer": "hash join",\n                        "cost_info": {\n                          "read_cost": "0.25",\n                          "eval_cost": "0.25",\n                          "prefix_cost": "4.00",\n                          "data_read_per_join": "1K"\n                        },\n                        "used_columns": [\n                          "N_NATIONKEY",\n                          "N_REGIONKEY"\n                        ],\n                        "attached_condition": "(`tpchsgd`.`nation`.`N_REGIONKEY` = `tpchsgd`.`region`.`R_REGIONKEY`)"\n                      }\n                    },\n                    {\n                      "table": {\n                        "table_name": "SUPPLIER",\n                        "access_type": "ALL",\n                        "rows_examined_per_scan": 198254,\n                        "rows_produced_per_join": 49563,\n                        "filtered": "10.00",\n                        "using_join_buffer": "hash join",\n                        "cost_info": {\n                          "read_cost": "585.62",\n                          "eval_cost": "4956.35",\n                          "prefix_cost": "50153.13",\n                          "data_read_per_join": "35M"\n                        },\n                        "used_columns": [\n                          "S_SUPPKEY",\n                          "S_NATIONKEY"\n                        ],\n                        "attached_condition": "(`tpchsgd`.`supplier`.`S_NATIONKEY` = `tpchsgd`.`nation`.`N_NATIONKEY`)"\n                      }\n                    },\n                    {\n                      "table": {\n                        "table_name": "PARTSUPP",\n                        "access_type": "ALL",\n                        "rows_examined_per_scan": 14360913,\n                        "rows_produced_per_join": 7117771936,\n                        "filtered": "1.00",\n                        "using_join_buffer": "hash join",\n                        "cost_info": {\n                          "read_cost": "3903843.50",\n                          "eval_cost": "711777193.67",\n                          "prefix_cost": "71181668326.07",\n                          "data_read_per_join": "5T"\n                        },\n                        "used_columns": [\n                          "PS_PARTKEY",\n                          "PS_SUPPKEY",\n                          "PS_SUPPLYCOST"\n                        ],\n                        "attached_condition": "((`tpchsgd`.`partsupp`.`PS_SUPPKEY` = `tpchsgd`.`supplier`.`S_SUPPKEY`) and (`tpchsgd`.`part`.`P_PARTKEY` = `tpchsgd`.`partsupp`.`PS_PARTKEY`))"\n                      }\n                    }\n                  ]\n                }\n              }\n            ]\n          }\n        }\n      ]\n    }\n  }\n}',)
Thread 0 -> Explain plan for Query/3.sql:
('{\n  "query_block": {\n    "select_id": 1,\n    "cost_info": {\n      "query_cost": "9.9801039497828e+17"\n    },\n    "ordering_operation": {\n      "using_filesort": true,\n      "grouping_operation": {\n        "using_temporary_table": true,\n        "using_filesort": false,\n        "nested_loop": [\n          {\n            "table": {\n              "table_name": "CUSTOMER",\n              "access_type": "ALL",\n              "rows_examined_per_scan": 2778441,\n              "rows_produced_per_join": 277844,\n              "filtered": "10.00",\n              "cost_info": {\n                "read_cost": "286091.69",\n                "eval_cost": "27784.41",\n                "prefix_cost": "313876.10",\n                "data_read_per_join": "226M"\n              },\n              "used_columns": [\n                "C_CUSTKEY",\n                "C_MKTSEGMENT"\n              ],\n              "attached_condition": "(`tpchsgd`.`customer`.`C_MKTSEGMENT` = \'AUTOMOBILE\')"\n            }\n          },\n          {\n            "table": {\n              "table_name": "ORDERS",\n              "access_type": "ALL",\n              "rows_examined_per_scan": 27846557,\n              "rows_produced_per_join": 257874250288,\n              "filtered": "3.33",\n              "using_join_buffer": "hash join",\n              "cost_info": {\n                "read_cost": "100621657.69",\n                "eval_cost": "25787425028.87",\n                "prefix_cost": "257975181979.90",\n                "data_read_per_join": "110T"\n              },\n              "used_columns": [\n                "O_ORDERKEY",\n                "O_CUSTKEY",\n                "O_ORDERDATE",\n                "O_SHIPPRIORITY"\n              ],\n              "attached_condition": "((`tpchsgd`.`orders`.`O_CUSTKEY` = `tpchsgd`.`customer`.`C_CUSTKEY`) and (`tpchsgd`.`orders`.`O_ORDERDATE` < DATE\'1995-03-13\'))"\n            }\n          },\n          {\n            "table": {\n              "table_name": "LINEITEM",\n              "access_type": "ALL",\n              "rows_examined_per_scan": 116055800,\n              "rows_produced_per_join": 997493727176142208,\n              "filtered": "3.33",\n              "using_join_buffer": "hash join",\n              "cost_info": {\n                "read_cost": "5.1649900983764e+14",\n                "eval_cost": "9.9749372717614e+16",\n                "prefix_cost": "9.9801039497828e+17",\n                "data_read_per_join": "332E"\n              },\n              "used_columns": [\n                "L_ORDERKEY",\n                "L_EXTENDEDPRICE",\n                "L_DISCOUNT",\n                "L_SHIPDATE"\n              ],\n              "attached_condition": "((`tpchsgd`.`lineitem`.`L_ORDERKEY` = `tpchsgd`.`orders`.`O_ORDERKEY`) and (`tpchsgd`.`lineitem`.`L_SHIPDATE` > DATE\'1995-03-13\'))"\n            }\n          }\n        ]\n      }\n    }\n  }\n}',)
Thread 0 -> Explain plan for Query/4.sql:
('{\n  "query_block": {\n    "select_id": 1,\n    "cost_info": {\n      "query_cost": "39788653.83"\n    },\n    "ordering_operation": {\n      "using_filesort": false,\n      "grouping_operation": {\n        "using_temporary_table": true,\n        "using_filesort": true,\n        "cost_info": {\n          "sort_cost": "3093443.02"\n        },\n        "nested_loop": [\n          {\n            "table": {\n              "table_name": "ORDERS",\n              "access_type": "ALL",\n              "rows_examined_per_scan": 27846557,\n              "rows_produced_per_join": 3093443,\n              "filtered": "11.11",\n              "cost_info": {\n                "read_cost": "2731119.40",\n                "eval_cost": "309344.30",\n                "prefix_cost": "3040463.70",\n                "data_read_per_join": "1G"\n              },\n              "used_columns": [\n                "O_ORDERKEY",\n                "O_ORDERDATE",\n                "O_ORDERPRIORITY"\n              ],\n              "attached_condition": "((`tpchsgd`.`orders`.`O_ORDERDATE` >= DATE\'1995-01-01\') and (`tpchsgd`.`orders`.`O_ORDERDATE` < <cache>((DATE\'1995-01-01\' + interval \'3\' month))))"\n            }\n          },\n          {\n            "table": {\n              "table_name": "<subquery2>",\n              "access_type": "eq_ref",\n              "key": "<auto_distinct_key>",\n              "key_length": "4",\n              "ref": [\n                "tpchsgd.ORDERS.O_ORDERKEY"\n              ],\n              "rows_examined_per_scan": 1,\n              "materialized_from_subquery": {\n                "using_temporary_table": true,\n                "query_block": {\n                  "table": {\n                    "table_name": "LINEITEM",\n                    "access_type": "ALL",\n                    "rows_examined_per_scan": 116055800,\n                    "rows_produced_per_join": 38681395,\n                    "filtered": "33.33",\n                    "cost_info": {\n                      "read_cost": "8899168.25",\n                      "eval_cost": "3868139.52",\n                      "prefix_cost": "12767308.00",\n                      "data_read_per_join": "13G"\n                    },\n                    "used_columns": [\n                      "L_ORDERKEY",\n                      "L_COMMITDATE",\n                      "L_RECEIPTDATE"\n                    ],\n                    "attached_condition": "(`tpchsgd`.`lineitem`.`L_COMMITDATE` < `tpchsgd`.`lineitem`.`L_RECEIPTDATE`)"\n                  }\n                }\n              }\n            }\n          }\n        ]\n      }\n    }\n  }\n}',)
Thread 0 -> Explain plan for Query/5.sql:
('{\n  "query_block": {\n    "select_id": 1,\n    "cost_info": {\n      "query_cost": "4.944379392054e+22"\n    },\n    "ordering_operation": {\n      "using_filesort": true,\n      "grouping_operation": {\n        "using_temporary_table": true,\n        "using_filesort": false,\n        "nested_loop": [\n          {\n            "table": {\n              "table_name": "REGION",\n              "access_type": "ALL",\n              "rows_examined_per_scan": 10,\n              "rows_produced_per_join": 1,\n              "filtered": "10.00",\n              "cost_info": {\n                "read_cost": "1.15",\n                "eval_cost": "0.10",\n                "prefix_cost": "1.25",\n                "data_read_per_join": "720"\n              },\n              "used_columns": [\n                "R_REGIONKEY",\n                "R_NAME"\n              ],\n              "attached_condition": "(`tpchsgd`.`region`.`R_NAME` = \'MIDDLE EAST\')"\n            }\n          },\n          {\n            "table": {\n              "table_name": "NATION",\n              "access_type": "ALL",\n              "rows_examined_per_scan": 25,\n              "rows_produced_per_join": 2,\n              "filtered": "10.00",\n              "using_join_buffer": "hash join",\n              "cost_info": {\n                "read_cost": "0.25",\n                "eval_cost": "0.25",\n                "prefix_cost": "4.00",\n                "data_read_per_join": "1K"\n              },\n              "used_columns": [\n                "N_NATIONKEY",\n                "N_NAME",\n                "N_REGIONKEY"\n              ],\n              "attached_condition": "(`tpchsgd`.`nation`.`N_REGIONKEY` = `tpchsgd`.`region`.`R_REGIONKEY`)"\n            }\n          },\n          {\n            "table": {\n              "table_name": "SUPPLIER",\n              "access_type": "ALL",\n              "rows_examined_per_scan": 198254,\n              "rows_produced_per_join": 49563,\n              "filtered": "10.00",\n              "using_join_buffer": "hash join",\n              "cost_info": {\n                "read_cost": "586.18",\n                "eval_cost": "4956.35",\n                "prefix_cost": "50153.68",\n                "data_read_per_join": "35M"\n              },\n              "used_columns": [\n                "S_SUPPKEY",\n                "S_NATIONKEY"\n              ],\n              "attached_condition": "(`tpchsgd`.`supplier`.`S_NATIONKEY` = `tpchsgd`.`nation`.`N_NATIONKEY`)"\n            }\n          },\n          {\n            "table": {\n              "table_name": "CUSTOMER",\n              "access_type": "ALL",\n              "rows_examined_per_scan": 2778441,\n              "rows_produced_per_join": 13770925845,\n              "filtered": "10.00",\n              "using_join_buffer": "hash join",\n              "cost_info": {\n                "read_cost": "1534795.52",\n                "eval_cost": "1377092584.51",\n                "prefix_cost": "13772511615.16",\n                "data_read_per_join": "10T"\n              },\n              "used_columns": [\n                "C_CUSTKEY",\n                "C_NATIONKEY"\n              ],\n              "attached_condition": "(`tpchsgd`.`customer`.`C_NATIONKEY` = `tpchsgd`.`nation`.`N_NATIONKEY`)"\n            }\n          },\n          {\n            "table": {\n              "table_name": "ORDERS",\n              "access_type": "ALL",\n              "rows_examined_per_scan": 27846557,\n              "rows_produced_per_join": 4259957506843991,\n              "filtered": "1.11",\n              "using_join_buffer": "hash join",\n              "cost_info": {\n                "read_cost": "32711374101651.34",\n                "eval_cost": "4.259957506844e+14",\n                "prefix_cost": "4.2926825899789e+15",\n                "data_read_per_join": "1E"\n              },\n              "used_columns": [\n                "O_ORDERKEY",\n                "O_CUSTKEY",\n                "O_ORDERDATE"\n              ],\n              "attached_condition": "((`tpchsgd`.`orders`.`O_CUSTKEY` = `tpchsgd`.`customer`.`C_CUSTKEY`) and (`tpchsgd`.`orders`.`O_ORDERDATE` >= DATE\'1994-01-01\') and (`tpchsgd`.`orders`.`O_ORDERDATE` < <cache>((DATE\'1994-01-01\' + interval \'1\' year))))"\n            }\n          },\n          {\n            "table": {\n              "table_name": "LINEITEM",\n              "access_type": "ALL",\n              "rows_examined_per_scan": 116055800,\n              "rows_produced_per_join": 18446744073709549568,\n              "filtered": "1.00",\n              "using_join_buffer": "hash join",\n              "cost_info": {\n                "read_cost": "4.5119855787979e+18",\n                "eval_cost": "4.9439281141616e+20",\n                "prefix_cost": "4.944379392054e+22",\n                "data_read_per_join": "1Y"\n              },\n              "used_columns": [\n                "L_ORDERKEY",\n                "L_SUPPKEY",\n                "L_EXTENDEDPRICE",\n                "L_DISCOUNT"\n              ],\n              "attached_condition": "((`tpchsgd`.`lineitem`.`L_SUPPKEY` = `tpchsgd`.`supplier`.`S_SUPPKEY`) and (`tpchsgd`.`lineitem`.`L_ORDERKEY` = `tpchsgd`.`orders`.`O_ORDERKEY`))"\n            }\n          }\n        ]\n      }\n    }\n  }\n}',)
Thread 0 -> Explain plan for Query/6.sql:
('{\n  "query_block": {\n    "select_id": 1,\n    "cost_info": {\n      "query_cost": "12767308.00"\n    },\n    "table": {\n      "table_name": "LINEITEM",\n      "access_type": "ALL",\n      "rows_examined_per_scan": 116055800,\n      "rows_produced_per_join": 477404,\n      "filtered": "0.41",\n      "cost_info": {\n        "read_cost": "12719567.52",\n        "eval_cost": "47740.48",\n        "prefix_cost": "12767308.00",\n        "data_read_per_join": "174M"\n      },\n      "used_columns": [\n        "L_QUANTITY",\n        "L_EXTENDEDPRICE",\n        "L_DISCOUNT",\n        "L_SHIPDATE"\n      ],\n      "attached_condition": "((`tpchsgd`.`lineitem`.`L_SHIPDATE` >= DATE\'1994-01-01\') and (`tpchsgd`.`lineitem`.`L_SHIPDATE` < <cache>((DATE\'1994-01-01\' + interval \'1\' year))) and (`tpchsgd`.`lineitem`.`L_DISCOUNT` between <cache>((0.06 - 0.01)) and <cache>((0.06 + 0.01))) and (`tpchsgd`.`lineitem`.`L_QUANTITY` < 24.00))"\n    }\n  }\n}',)
Thread 0 -> Explain plan for Query/7.sql:
('{\n  "query_block": {\n    "select_id": 1,\n    "cost_info": {\n      "query_cost": "4.4627320347789e+23"\n    },\n    "ordering_operation": {\n      "using_filesort": false,\n      "grouping_operation": {\n        "using_temporary_table": true,\n        "using_filesort": true,\n        "nested_loop": [\n          {\n            "table": {\n              "table_name": "n1",\n              "access_type": "ALL",\n              "rows_examined_per_scan": 25,\n              "rows_produced_per_join": 4,\n              "filtered": "19.00",\n              "cost_info": {\n                "read_cost": "2.28",\n                "eval_cost": "0.47",\n                "prefix_cost": "2.75",\n                "data_read_per_join": "3K"\n              },\n              "used_columns": [\n                "N_NATIONKEY",\n                "N_NAME"\n              ],\n              "attached_condition": "((`tpchsgd`.`n1`.`N_NAME` = \'JAPAN\') or (`tpchsgd`.`n1`.`N_NAME` = \'INDIA\'))"\n            }\n          },\n          {\n            "table": {\n              "table_name": "n2",\n              "access_type": "ALL",\n              "rows_examined_per_scan": 25,\n              "rows_produced_per_join": 22,\n              "filtered": "19.00",\n              "using_join_buffer": "hash join",\n              "cost_info": {\n                "read_cost": "2.28",\n                "eval_cost": "2.26",\n                "prefix_cost": "7.29",\n                "data_read_per_join": "16K"\n              },\n              "used_columns": [\n                "N_NATIONKEY",\n                "N_NAME"\n              ],\n              "attached_condition": "(((`tpchsgd`.`n2`.`N_NAME` = \'INDIA\') and (`tpchsgd`.`n1`.`N_NAME` = \'JAPAN\')) or ((`tpchsgd`.`n2`.`N_NAME` = \'JAPAN\') and (`tpchsgd`.`n1`.`N_NAME` = \'INDIA\')))"\n            }\n          },\n          {\n            "table": {\n              "table_name": "SUPPLIER",\n              "access_type": "ALL",\n              "rows_examined_per_scan": 198254,\n              "rows_produced_per_join": 447310,\n              "filtered": "10.00",\n              "using_join_buffer": "hash join",\n              "cost_info": {\n                "read_cost": "595.47",\n                "eval_cost": "44731.06",\n                "prefix_cost": "447913.33",\n                "data_read_per_join": "320M"\n              },\n              "used_columns": [\n                "S_SUPPKEY",\n                "S_NATIONKEY"\n              ],\n              "attached_condition": "(`tpchsgd`.`supplier`.`S_NATIONKEY` = `tpchsgd`.`n1`.`N_NATIONKEY`)"\n            }\n          },\n          {\n            "table": {\n              "table_name": "CUSTOMER",\n              "access_type": "ALL",\n              "rows_examined_per_scan": 2778441,\n              "rows_produced_per_join": 124282598929,\n              "filtered": "10.00",\n              "using_join_buffer": "hash join",\n              "cost_info": {\n                "read_cost": "13316438.58",\n                "eval_cost": "12428259892.95",\n                "prefix_cost": "124296370689.20",\n                "data_read_per_join": "96T"\n              },\n              "used_columns": [\n                "C_CUSTKEY",\n                "C_NATIONKEY"\n              ],\n              "attached_condition": "(`tpchsgd`.`customer`.`C_NATIONKEY` = `tpchsgd`.`n2`.`N_NATIONKEY`)"\n            }\n          },\n          {\n            "table": {\n              "table_name": "LINEITEM",\n              "access_type": "ALL",\n              "rows_examined_per_scan": 116055800,\n              "rows_produced_per_join": 160247496594956320,\n              "filtered": "1.11",\n              "using_join_buffer": "hash join",\n              "cost_info": {\n                "read_cost": "1.2189388637192e+15",\n                "eval_cost": "1.6024749659496e+16",\n                "prefix_cost": "1.6146655736717e+17",\n                "data_read_per_join": "53E"\n              },\n              "used_columns": [\n                "L_ORDERKEY",\n                "L_SUPPKEY",\n                "L_EXTENDEDPRICE",\n                "L_DISCOUNT",\n                "L_SHIPDATE"\n              ],\n              "attached_condition": "((`tpchsgd`.`lineitem`.`L_SUPPKEY` = `tpchsgd`.`supplier`.`S_SUPPKEY`) and (`tpchsgd`.`lineitem`.`L_SHIPDATE` between DATE\'1995-01-01\' and DATE\'1996-12-31\'))"\n            }\n          },\n          {\n            "table": {\n              "table_name": "ORDERS",\n              "access_type": "ALL",\n              "rows_examined_per_scan": 27846557,\n              "rows_produced_per_join": 18446744073709549568,\n              "filtered": "1.00",\n              "using_join_buffer": "hash join",\n              "cost_info": {\n                "read_cost": "3.8937207453277e+19",\n                "eval_cost": "4.4623413638856e+21",\n                "prefix_cost": "4.4627320347789e+23",\n                "data_read_per_join": "17Y"\n              },\n              "used_columns": [\n                "O_ORDERKEY",\n                "O_CUSTKEY"\n              ],\n              "attached_condition": "((`tpchsgd`.`orders`.`O_CUSTKEY` = `tpchsgd`.`customer`.`C_CUSTKEY`) and (`tpchsgd`.`orders`.`O_ORDERKEY` = `tpchsgd`.`lineitem`.`L_ORDERKEY`))"\n            }\n          }\n        ]\n      }\n    }\n  }\n}',)
Thread 0 -> Explain plan for Query/8.sql:
('{\n  "query_block": {\n    "select_id": 1,\n    "cost_info": {\n      "query_cost": "4.9174292827945e+29"\n    },\n    "ordering_operation": {\n      "using_filesort": false,\n      "grouping_operation": {\n        "using_temporary_table": true,\n        "using_filesort": true,\n        "cost_info": {\n          "sort_cost": "4.8681015570202e+27"\n        },\n        "nested_loop": [\n          {\n            "table": {\n              "table_name": "REGION",\n              "access_type": "ALL",\n              "rows_examined_per_scan": 10,\n              "rows_produced_per_join": 1,\n              "filtered": "10.00",\n              "cost_info": {\n                "read_cost": "1.15",\n                "eval_cost": "0.10",\n                "prefix_cost": "1.25",\n                "data_read_per_join": "720"\n              },\n              "used_columns": [\n                "R_REGIONKEY",\n                "R_NAME"\n              ],\n              "attached_condition": "(`tpchsgd`.`region`.`R_NAME` = \'ASIA\')"\n            }\n          },\n          {\n            "table": {\n              "table_name": "n1",\n              "access_type": "ALL",\n              "rows_examined_per_scan": 25,\n              "rows_produced_per_join": 2,\n              "filtered": "10.00",\n              "using_join_buffer": "hash join",\n              "cost_info": {\n                "read_cost": "0.25",\n                "eval_cost": "0.25",\n                "prefix_cost": "4.00",\n                "data_read_per_join": "1K"\n              },\n              "used_columns": [\n                "N_NATIONKEY",\n                "N_REGIONKEY"\n              ],\n              "attached_condition": "(`tpchsgd`.`n1`.`N_REGIONKEY` = `tpchsgd`.`region`.`R_REGIONKEY`)"\n            }\n          },\n          {\n            "table": {\n              "table_name": "n2",\n              "access_type": "ALL",\n              "rows_examined_per_scan": 25,\n              "rows_produced_per_join": 62,\n              "filtered": "100.00",\n              "using_join_buffer": "hash join",\n              "cost_info": {\n                "read_cost": "0.25",\n                "eval_cost": "6.25",\n                "prefix_cost": "10.50",\n                "data_read_per_join": "44K"\n              },\n              "used_columns": [\n                "N_NATIONKEY",\n                "N_NAME"\n              ]\n            }\n          },\n          {\n            "table": {\n              "table_name": "SUPPLIER",\n              "access_type": "ALL",\n              "rows_examined_per_scan": 198254,\n              "rows_produced_per_join": 1239087,\n              "filtered": "10.00",\n              "using_join_buffer": "hash join",\n              "cost_info": {\n                "read_cost": "615.13",\n                "eval_cost": "123908.76",\n                "prefix_cost": "1239713.16",\n                "data_read_per_join": "888M"\n              },\n              "used_columns": [\n                "S_SUPPKEY",\n                "S_NATIONKEY"\n              ],\n              "attached_condition": "(`tpchsgd`.`supplier`.`S_NATIONKEY` = `tpchsgd`.`n2`.`N_NATIONKEY`)"\n            }\n          },\n          {\n            "table": {\n              "table_name": "CUSTOMER",\n              "access_type": "ALL",\n              "rows_examined_per_scan": 2778441,\n              "rows_produced_per_join": 344273146128,\n              "filtered": "10.00",\n              "using_join_buffer": "hash join",\n              "cost_info": {\n                "read_cost": "38186376.19",\n                "eval_cost": "34427314612.87",\n                "prefix_cost": "344312592738.31",\n                "data_read_per_join": "268T"\n              },\n              "used_columns": [\n                "C_CUSTKEY",\n                "C_NATIONKEY"\n              ],\n              "attached_condition": "(`tpchsgd`.`customer`.`C_NATIONKEY` = `tpchsgd`.`n1`.`N_NATIONKEY`)"\n            }\n          },\n          {\n            "table": {\n              "table_name": "ORDERS",\n              "access_type": "ALL",\n              "rows_examined_per_scan": 27846557,\n              "rows_produced_per_join": 106509586702023904,\n              "filtered": "1.11",\n              "using_join_buffer": "hash join",\n              "cost_info": {\n                "read_cost": "8.3212194818147e+14",\n                "eval_cost": "1.0650958670202e+16",\n                "prefix_cost": "1.0734205931126e+17",\n                "data_read_per_join": "43E"\n              },\n              "used_columns": [\n                "O_ORDERKEY",\n                "O_CUSTKEY",\n                "O_ORDERDATE"\n              ],\n              "attached_condition": "((`tpchsgd`.`orders`.`O_CUSTKEY` = `tpchsgd`.`customer`.`C_CUSTKEY`) and (`tpchsgd`.`orders`.`O_ORDERDATE` between DATE\'1995-01-01\' and DATE\'1996-12-31\'))"\n            }\n          },\n          {\n            "table": {\n              "table_name": "PART",\n              "access_type": "ALL",\n              "rows_examined_per_scan": 3938257,\n              "rows_produced_per_join": 18446744073709549568,\n              "filtered": "10.00",\n              "using_join_buffer": "hash join",\n              "cost_info": {\n                "read_cost": "3.9196652731586e+19",\n                "eval_cost": "4.1946213164683e+21",\n                "prefix_cost": "4.2339253112592e+21",\n                "data_read_per_join": "21Y"\n              },\n              "used_columns": [\n                "P_PARTKEY",\n                "P_TYPE"\n              ],\n              "attached_condition": "(`tpchsgd`.`part`.`P_TYPE` = \'SMALL PLATED COPPER\')"\n            }\n          },\n          {\n            "table": {\n              "table_name": "LINEITEM",\n              "access_type": "ALL",\n              "rows_examined_per_scan": 116055800,\n              "rows_produced_per_join": 18446744073709549568,\n              "filtered": "0.10",\n              "using_join_buffer": "hash join",\n              "cost_info": {\n                "read_cost": "6.468990872928e+25",\n                "eval_cost": "4.8681015570202e+26",\n                "prefix_cost": "4.8687482672243e+29",\n                "data_read_per_join": "1546290Y"\n              },\n              "used_columns": [\n                "L_ORDERKEY",\n                "L_PARTKEY",\n                "L_SUPPKEY",\n                "L_EXTENDEDPRICE",\n                "L_DISCOUNT"\n              ],\n              "attached_condition": "((`tpchsgd`.`lineitem`.`L_ORDERKEY` = `tpchsgd`.`orders`.`O_ORDERKEY`) and (`tpchsgd`.`lineitem`.`L_SUPPKEY` = `tpchsgd`.`supplier`.`S_SUPPKEY`) and (`tpchsgd`.`lineitem`.`L_PARTKEY` = `tpchsgd`.`part`.`P_PARTKEY`))"\n            }\n          }\n        ]\n      }\n    }\n  }\n}',)
Thread 0 -> Explain plan for Query/9.sql:
('{\n  "query_block": {\n    "select_id": 1,\n    "cost_info": {\n      "query_cost": "1.0066087829847e+29"\n    },\n    "ordering_operation": {\n      "using_filesort": false,\n      "grouping_operation": {\n        "using_temporary_table": true,\n        "using_filesort": true,\n        "nested_loop": [\n          {\n            "table": {\n              "table_name": "NATION",\n              "access_type": "ALL",\n              "rows_examined_per_scan": 25,\n              "rows_produced_per_join": 25,\n              "filtered": "100.00",\n              "cost_info": {\n                "read_cost": "0.25",\n                "eval_cost": "2.50",\n                "prefix_cost": "2.75",\n                "data_read_per_join": "17K"\n              },\n              "used_columns": [\n                "N_NATIONKEY",\n                "N_NAME"\n              ]\n            }\n          },\n          {\n            "table": {\n              "table_name": "SUPPLIER",\n              "access_type": "ALL",\n              "rows_examined_per_scan": 198254,\n              "rows_produced_per_join": 495635,\n              "filtered": "10.00",\n              "using_join_buffer": "hash join",\n              "cost_info": {\n                "read_cost": "590.80",\n                "eval_cost": "49563.50",\n                "prefix_cost": "496228.55",\n                "data_read_per_join": "355M"\n              },\n              "used_columns": [\n                "S_SUPPKEY",\n                "S_NATIONKEY"\n              ],\n              "attached_condition": "(`tpchsgd`.`supplier`.`S_NATIONKEY` = `tpchsgd`.`nation`.`N_NATIONKEY`)"\n            }\n          },\n          {\n            "table": {\n              "table_name": "PART",\n              "access_type": "ALL",\n              "rows_examined_per_scan": 3938257,\n              "rows_produced_per_join": 216860322038,\n              "filtered": "11.11",\n              "using_join_buffer": "hash join",\n              "cost_info": {\n                "read_cost": "83535574.91",\n                "eval_cost": "21686032203.84",\n                "prefix_cost": "21770064007.30",\n                "data_read_per_join": "121T"\n              },\n              "used_columns": [\n                "P_PARTKEY",\n                "P_NAME"\n              ],\n              "attached_condition": "(`tpchsgd`.`part`.`P_NAME` like \'%dim%\')"\n            }\n          },\n          {\n            "table": {\n              "table_name": "PARTSUPP",\n              "access_type": "ALL",\n              "rows_examined_per_scan": 14360913,\n              "rows_produced_per_join": 31143124383779348,\n              "filtered": "1.00",\n              "using_join_buffer": "hash join",\n              "cost_info": {\n                "read_cost": "45943839509737.60",\n                "eval_cost": "3.1143124383779e+15",\n                "prefix_cost": "3.114771874041e+17",\n                "data_read_per_join": "22E"\n              },\n              "used_columns": [\n                "PS_PARTKEY",\n                "PS_SUPPKEY",\n                "PS_SUPPLYCOST"\n              ],\n              "attached_condition": "((`tpchsgd`.`partsupp`.`PS_PARTKEY` = `tpchsgd`.`part`.`P_PARTKEY`) and (`tpchsgd`.`partsupp`.`PS_SUPPKEY` = `tpchsgd`.`supplier`.`S_SUPPKEY`))"\n            }\n          },\n          {\n            "table": {\n              "table_name": "LINEITEM",\n              "access_type": "ALL",\n              "rows_examined_per_scan": 116055800,\n              "rows_produced_per_join": 18446744073709549568,\n              "filtered": "1.00",\n              "using_join_buffer": "hash join",\n              "cost_info": {\n                "read_cost": "4.8581327593423e+19",\n                "eval_cost": "3.6143404706839e+21",\n                "prefix_cost": "3.6148291429068e+23",\n                "data_read_per_join": "11Y"\n              },\n              "used_columns": [\n                "L_ORDERKEY",\n                "L_PARTKEY",\n                "L_SUPPKEY",\n                "L_QUANTITY",\n                "L_EXTENDEDPRICE",\n                "L_DISCOUNT"\n              ],\n              "attached_condition": "((`tpchsgd`.`lineitem`.`L_PARTKEY` = `tpchsgd`.`part`.`P_PARTKEY`) and (`tpchsgd`.`lineitem`.`L_SUPPKEY` = `tpchsgd`.`supplier`.`S_SUPPKEY`))"\n            }\n          },\n          {\n            "table": {\n              "table_name": "ORDERS",\n              "access_type": "ALL",\n              "rows_examined_per_scan": 27846557,\n              "rows_produced_per_join": 18446744073709549568,\n              "filtered": "10.00",\n              "using_join_buffer": "hash join",\n              "cost_info": {\n                "read_cost": "1.357888125393e+25",\n                "eval_cost": "1.0064693943406e+28",\n                "prefix_cost": "1.0066087829847e+29",\n                "data_read_per_join": "39295508Y"\n              },\n              "used_columns": [\n                "O_ORDERKEY",\n                "O_ORDERDATE"\n              ],\n              "attached_condition": "(`tpchsgd`.`orders`.`O_ORDERKEY` = `tpchsgd`.`lineitem`.`L_ORDERKEY`)"\n            }\n          }\n        ]\n      }\n    }\n  }\n}',)
Thread 0 -> Explain plan for Query/10.sql:
('{\n  "query_block": {\n    "select_id": 1,\n    "cost_info": {\n      "query_cost": "2.581453553712e+18"\n    },\n    "ordering_operation": {\n      "using_filesort": true,\n      "grouping_operation": {\n        "using_temporary_table": true,\n        "using_filesort": false,\n        "nested_loop": [\n          {\n            "table": {\n              "table_name": "NATION",\n              "access_type": "ALL",\n              "rows_examined_per_scan": 25,\n              "rows_produced_per_join": 25,\n              "filtered": "100.00",\n              "cost_info": {\n                "read_cost": "0.25",\n                "eval_cost": "2.50",\n                "prefix_cost": "2.75",\n                "data_read_per_join": "17K"\n              },\n              "used_columns": [\n                "N_NATIONKEY",\n                "N_NAME"\n              ]\n            }\n          },\n          {\n            "table": {\n              "table_name": "CUSTOMER",\n              "access_type": "ALL",\n              "rows_examined_per_scan": 2778441,\n              "rows_produced_per_join": 6946102,\n              "filtered": "10.00",\n              "using_join_buffer": "hash join",\n              "cost_info": {\n                "read_cost": "36389.37",\n                "eval_cost": "694610.21",\n                "prefix_cost": "6982494.62",\n                "data_read_per_join": "5G"\n              },\n              "used_columns": [\n                "C_CUSTKEY",\n                "C_NAME",\n                "C_ADDRESS",\n                "C_NATIONKEY",\n                "C_PHONE",\n                "C_ACCTBAL",\n                "C_COMMENT"\n              ],\n              "attached_condition": "(`tpchsgd`.`customer`.`C_NATIONKEY` = `tpchsgd`.`nation`.`N_NATIONKEY`)"\n            }\n          },\n          {\n            "table": {\n              "table_name": "ORDERS",\n              "access_type": "ALL",\n              "rows_examined_per_scan": 27846557,\n              "rows_produced_per_join": 2148737133378,\n              "filtered": "1.11",\n              "using_join_buffer": "hash join",\n              "cost_info": {\n                "read_cost": "65929274196.58",\n                "eval_cost": "214873713337.89",\n                "prefix_cost": "2214673358051.45",\n                "data_read_per_join": "922T"\n              },\n              "used_columns": [\n                "O_ORDERKEY",\n                "O_CUSTKEY",\n                "O_ORDERDATE"\n              ],\n              "attached_condition": "((`tpchsgd`.`orders`.`O_CUSTKEY` = `tpchsgd`.`customer`.`C_CUSTKEY`) and (`tpchsgd`.`orders`.`O_ORDERDATE` >= DATE\'1993-08-01\') and (`tpchsgd`.`orders`.`O_ORDERDATE` < <cache>((DATE\'1993-08-01\' + interval \'3\' month))))"\n            }\n          },\n          {\n            "table": {\n              "table_name": "LINEITEM",\n              "access_type": "ALL",\n              "rows_examined_per_scan": 116055800,\n              "rows_produced_per_join": 2493734330156716544,\n              "filtered": "1.00",\n              "using_join_buffer": "hash join",\n              "cost_info": {\n                "read_cost": "8.7717231839163e+16",\n                "eval_cost": "2.4937343301567e+17",\n                "prefix_cost": "2.581453553712e+18",\n                "data_read_per_join": "830E"\n              },\n              "used_columns": [\n                "L_ORDERKEY",\n                "L_EXTENDEDPRICE",\n                "L_DISCOUNT",\n                "L_RETURNFLAG"\n              ],\n              "attached_condition": "((`tpchsgd`.`lineitem`.`L_RETURNFLAG` = \'R\') and (`tpchsgd`.`lineitem`.`L_ORDERKEY` = `tpchsgd`.`orders`.`O_ORDERKEY`))"\n            }\n          }\n        ]\n      }\n    }\n  }\n}',)
Thread 0 -> Explain plan for Query/11.sql:
('{\n  "query_block": {\n    "select_id": 1,\n    "cost_info": {\n      "query_cost": "71181417994.52"\n    },\n    "ordering_operation": {\n      "using_filesort": true,\n      "grouping_operation": {\n        "using_temporary_table": true,\n        "using_filesort": false,\n        "nested_loop": [\n          {\n            "table": {\n              "table_name": "NATION",\n              "access_type": "ALL",\n              "rows_examined_per_scan": 25,\n              "rows_produced_per_join": 2,\n              "filtered": "10.00",\n              "cost_info": {\n                "read_cost": "2.50",\n                "eval_cost": "0.25",\n                "prefix_cost": "2.75",\n                "data_read_per_join": "1K"\n              },\n              "used_columns": [\n                "N_NATIONKEY",\n                "N_NAME"\n              ],\n              "attached_condition": "(`tpchsgd`.`nation`.`N_NAME` = \'MOZAMBIQUE\')"\n            }\n          },\n          {\n            "table": {\n              "table_name": "SUPPLIER",\n              "access_type": "ALL",\n              "rows_examined_per_scan": 198254,\n              "rows_produced_per_join": 49563,\n              "filtered": "10.00",\n              "using_join_buffer": "hash join",\n              "cost_info": {\n                "read_cost": "585.58",\n                "eval_cost": "4956.35",\n                "prefix_cost": "50151.83",\n                "data_read_per_join": "35M"\n              },\n              "used_columns": [\n                "S_SUPPKEY",\n                "S_NATIONKEY"\n              ],\n              "attached_condition": "(`tpchsgd`.`supplier`.`S_NATIONKEY` = `tpchsgd`.`nation`.`N_NATIONKEY`)"\n            }\n          },\n          {\n            "table": {\n              "table_name": "PARTSUPP",\n              "access_type": "ALL",\n              "rows_examined_per_scan": 14360913,\n              "rows_produced_per_join": 71177719632,\n              "filtered": "10.00",\n              "using_join_buffer": "hash join",\n              "cost_info": {\n                "read_cost": "3654573.88",\n                "eval_cost": "7117771963.26",\n                "prefix_cost": "71181417994.53",\n                "data_read_per_join": "53T"\n              },\n              "used_columns": [\n                "PS_PARTKEY",\n                "PS_SUPPKEY",\n                "PS_AVAILQTY",\n                "PS_SUPPLYCOST"\n              ],\n              "attached_condition": "(`tpchsgd`.`partsupp`.`PS_SUPPKEY` = `tpchsgd`.`supplier`.`S_SUPPKEY`)"\n            }\n          }\n        ],\n        "having_subqueries": [\n          {\n            "dependent": false,\n            "cacheable": true,\n            "query_block": {\n              "select_id": 2,\n              "cost_info": {\n                "query_cost": "71181417994.52"\n              },\n              "nested_loop": [\n                {\n                  "table": {\n                    "table_name": "NATION",\n                    "access_type": "ALL",\n                    "rows_examined_per_scan": 25,\n                    "rows_produced_per_join": 2,\n                    "filtered": "10.00",\n                    "cost_info": {\n                      "read_cost": "2.50",\n                      "eval_cost": "0.25",\n                      "prefix_cost": "2.75",\n                      "data_read_per_join": "1K"\n                    },\n                    "used_columns": [\n                      "N_NATIONKEY",\n                      "N_NAME"\n                    ],\n                    "attached_condition": "(`tpchsgd`.`nation`.`N_NAME` = \'MOZAMBIQUE\')"\n                  }\n                },\n                {\n                  "table": {\n                    "table_name": "SUPPLIER",\n                    "access_type": "ALL",\n                    "rows_examined_per_scan": 198254,\n                    "rows_produced_per_join": 49563,\n                    "filtered": "10.00",\n                    "using_join_buffer": "hash join",\n                    "cost_info": {\n                      "read_cost": "585.58",\n                      "eval_cost": "4956.35",\n                      "prefix_cost": "50151.83",\n                      "data_read_per_join": "35M"\n                    },\n                    "used_columns": [\n                      "S_SUPPKEY",\n                      "S_NATIONKEY"\n                    ],\n                    "attached_condition": "(`tpchsgd`.`supplier`.`S_NATIONKEY` = `tpchsgd`.`nation`.`N_NATIONKEY`)"\n                  }\n                },\n                {\n                  "table": {\n                    "table_name": "PARTSUPP",\n                    "access_type": "ALL",\n                    "rows_examined_per_scan": 14360913,\n                    "rows_produced_per_join": 71177719632,\n                    "filtered": "10.00",\n                    "using_join_buffer": "hash join",\n                    "cost_info": {\n                      "read_cost": "3654573.88",\n                      "eval_cost": "7117771963.26",\n                      "prefix_cost": "71181417994.53",\n                      "data_read_per_join": "53T"\n                    },\n                    "used_columns": [\n                      "PS_SUPPKEY",\n                      "PS_AVAILQTY",\n                      "PS_SUPPLYCOST"\n                    ],\n                    "attached_condition": "(`tpchsgd`.`partsupp`.`PS_SUPPKEY` = `tpchsgd`.`supplier`.`S_SUPPKEY`)"\n                  }\n                }\n              ]\n            }\n          }\n        ]\n      }\n    }\n  }\n}',)
Thread 0 -> Explain plan for Query/12.sql:
('{\n  "query_block": {\n    "select_id": 1,\n    "cost_info": {\n      "query_cost": "1595317570112.42"\n    },\n    "ordering_operation": {\n      "using_filesort": false,\n      "grouping_operation": {\n        "using_temporary_table": true,\n        "using_filesort": true,\n        "cost_info": {\n          "sort_cost": "797644872171.74"\n        },\n        "nested_loop": [\n          {\n            "table": {\n              "table_name": "LINEITEM",\n              "access_type": "ALL",\n              "rows_examined_per_scan": 116055800,\n              "rows_produced_per_join": 286442,\n              "filtered": "0.25",\n              "cost_info": {\n                "read_cost": "12738663.71",\n                "eval_cost": "28644.29",\n                "prefix_cost": "12767308.00",\n                "data_read_per_join": "104M"\n              },\n              "used_columns": [\n                "L_ORDERKEY",\n                "L_SHIPDATE",\n                "L_COMMITDATE",\n                "L_RECEIPTDATE",\n                "L_SHIPMODE"\n              ],\n              "attached_condition": "((`tpchsgd`.`lineitem`.`L_SHIPMODE` in (\'RAIL\',\'FOB\')) and (`tpchsgd`.`lineitem`.`L_COMMITDATE` < `tpchsgd`.`lineitem`.`L_RECEIPTDATE`) and (`tpchsgd`.`lineitem`.`L_SHIPDATE` < `tpchsgd`.`lineitem`.`L_COMMITDATE`) and (`tpchsgd`.`lineitem`.`L_RECEIPTDATE` >= DATE\'1997-01-01\') and (`tpchsgd`.`lineitem`.`L_RECEIPTDATE` < <cache>((DATE\'1997-01-01\' + interval \'1\' year))))"\n            }\n          },\n          {\n            "table": {\n              "table_name": "ORDERS",\n              "access_type": "ALL",\n              "rows_examined_per_scan": 27846557,\n              "rows_produced_per_join": 797644872171,\n              "filtered": "10.00",\n              "using_join_buffer": "hash join",\n              "cost_info": {\n                "read_cost": "15070346.78",\n                "eval_cost": "79764487217.17",\n                "prefix_cost": "797672697940.68",\n                "data_read_per_join": "342T"\n              },\n              "used_columns": [\n                "O_ORDERKEY",\n                "O_ORDERPRIORITY"\n              ],\n              "attached_condition": "(`tpchsgd`.`orders`.`O_ORDERKEY` = `tpchsgd`.`lineitem`.`L_ORDERKEY`)"\n            }\n          }\n        ]\n      }\n    }\n  }\n}',)
Thread 0 -> Explain plan for Query/13.sql:
('{\n  "query_block": {\n    "select_id": 1,\n    "cost_info": {\n      "query_cost": "8704126244930.20"\n    },\n    "ordering_operation": {\n      "using_filesort": true,\n      "grouping_operation": {\n        "using_temporary_table": true,\n        "using_filesort": false,\n        "table": {\n          "table_name": "c_orders",\n          "access_type": "ALL",\n          "rows_examined_per_scan": 77370011066024,\n          "rows_produced_per_join": 77370011066024,\n          "filtered": "100.00",\n          "cost_info": {\n            "read_cost": "967125138327.80",\n            "eval_cost": "7737001106602.40",\n            "prefix_cost": "8704126244930.20",\n            "data_read_per_join": "1P"\n          },\n          "used_columns": [\n            "c_custkey",\n            "c_count"\n          ],\n          "materialized_from_subquery": {\n            "using_temporary_table": true,\n            "dependent": false,\n            "cacheable": true,\n            "query_block": {\n              "select_id": 2,\n              "cost_info": {\n                "query_cost": "7737012982592.98"\n              },\n              "grouping_operation": {\n                "using_temporary_table": true,\n                "using_filesort": false,\n                "nested_loop": [\n                  {\n                    "table": {\n                      "table_name": "CUSTOMER",\n                      "access_type": "ALL",\n                      "rows_examined_per_scan": 2778441,\n                      "rows_produced_per_join": 2778441,\n                      "filtered": "100.00",\n                      "cost_info": {\n                        "read_cost": "36032.00",\n                        "eval_cost": "277844.10",\n                        "prefix_cost": "313876.10",\n                        "data_read_per_join": "2G"\n                      },\n                      "used_columns": [\n                        "C_CUSTKEY"\n                      ]\n                    }\n                  },\n                  {\n                    "table": {\n                      "table_name": "ORDERS",\n                      "access_type": "ALL",\n                      "rows_examined_per_scan": 27846557,\n                      "rows_produced_per_join": 77370011066024,\n                      "filtered": "100.00",\n                      "using_join_buffer": "hash join",\n                      "cost_info": {\n                        "read_cost": "11100953.19",\n                        "eval_cost": "7737001106602.47",\n                        "prefix_cost": "7737012982592.99",\n                        "data_read_per_join": "32P"\n                      },\n                      "used_columns": [\n                        "O_ORDERKEY",\n                        "O_CUSTKEY",\n                        "O_COMMENT"\n                      ],\n                      "attached_condition": "<if>(is_not_null_compl(ORDERS), ((`tpchsgd`.`orders`.`O_CUSTKEY` = `tpchsgd`.`customer`.`C_CUSTKEY`) and (not((`tpchsgd`.`orders`.`O_COMMENT` like \'%pending%deposits%\')))), true)"\n                    }\n                  }\n                ]\n              }\n            }\n          }\n        }\n      }\n    }\n  }\n}',)
Thread 0 -> Explain plan for Query/14.sql:
('{\n  "query_block": {\n    "select_id": 1,\n    "cost_info": {\n      "query_cost": "5095519516855.37"\n    },\n    "nested_loop": [\n      {\n        "table": {\n          "table_name": "PART",\n          "access_type": "ALL",\n          "rows_examined_per_scan": 3938257,\n          "rows_produced_per_join": 3938257,\n          "filtered": "100.00",\n          "cost_info": {\n            "read_cost": "42560.00",\n            "eval_cost": "393825.70",\n            "prefix_cost": "436385.70",\n            "data_read_per_join": "2G"\n          },\n          "used_columns": [\n            "P_PARTKEY",\n            "P_TYPE"\n          ]\n        }\n      },\n      {\n        "table": {\n          "table_name": "LINEITEM",\n          "access_type": "ALL",\n          "rows_examined_per_scan": 116055800,\n          "rows_produced_per_join": 5077401707538,\n          "filtered": "1.11",\n          "using_join_buffer": "hash join",\n          "cost_info": {\n            "read_cost": "18117448589.95",\n            "eval_cost": "507740170753.89",\n            "prefix_cost": "5095519516855.37",\n            "data_read_per_join": "1P"\n          },\n          "used_columns": [\n            "L_PARTKEY",\n            "L_EXTENDEDPRICE",\n            "L_DISCOUNT",\n            "L_SHIPDATE"\n          ],\n          "attached_condition": "((`tpchsgd`.`lineitem`.`L_PARTKEY` = `tpchsgd`.`part`.`P_PARTKEY`) and (`tpchsgd`.`lineitem`.`L_SHIPDATE` >= DATE\'1996-12-01\') and (`tpchsgd`.`lineitem`.`L_SHIPDATE` < <cache>((DATE\'1996-12-01\' + interval \'1\' month))))"\n        }\n      }\n    ]\n  }\n}',)
Thread 0 -> Explain plan for Query/16.sql:
('{\n  "query_block": {\n    "select_id": 1,\n    "cost_info": {\n      "query_cost": "2488685585582.54"\n    },\n    "ordering_operation": {\n      "using_filesort": true,\n      "grouping_operation": {\n        "using_temporary_table": true,\n        "using_filesort": true,\n        "buffer_result": {\n          "using_temporary_table": true,\n          "nested_loop": [\n            {\n              "table": {\n                "table_name": "PART",\n                "access_type": "ALL",\n                "rows_examined_per_scan": 3938257,\n                "rows_produced_per_join": 1575322,\n                "filtered": "40.00",\n                "cost_info": {\n                  "read_cost": "278853.46",\n                  "eval_cost": "157532.23",\n                  "prefix_cost": "436385.70",\n                  "data_read_per_join": "925M"\n                },\n                "used_columns": [\n                  "P_PARTKEY",\n                  "P_BRAND",\n                  "P_TYPE",\n                  "P_SIZE"\n                ],\n                "attached_condition": "((`tpchsgd`.`part`.`P_BRAND` <> \'Brand#34\') and (not((`tpchsgd`.`part`.`P_TYPE` like \'LARGE BRUSHED%\'))) and (`tpchsgd`.`part`.`P_SIZE` in (48,19,12,4,41,7,21,39)))"\n              }\n            },\n            {\n              "table": {\n                "table_name": "PARTSUPP",\n                "access_type": "ALL",\n                "rows_examined_per_scan": 14360913,\n                "rows_produced_per_join": 2262306895411,\n                "filtered": "10.00",\n                "using_join_buffer": "hash join",\n                "cost_info": {\n                  "read_cost": "147726273.40",\n                  "eval_cost": "226230689541.15",\n                  "prefix_cost": "2262454855804.60",\n                  "data_read_per_join": "1P"\n                },\n                "used_columns": [\n                  "PS_PARTKEY",\n                  "PS_SUPPKEY"\n                ],\n                "attached_condition": "(`tpchsgd`.`partsupp`.`PS_PARTKEY` = `tpchsgd`.`part`.`P_PARTKEY`)"\n              }\n            },\n            {\n              "table": {\n                "table_name": "<subquery2>",\n                "access_type": "eq_ref",\n                "key": "<auto_distinct_key>",\n                "key_length": "5",\n                "ref": [\n                  "tpchsgd.PARTSUPP.PS_SUPPKEY"\n                ],\n                "rows_examined_per_scan": 1,\n                "not_exists": true,\n                "attached_condition": "<if>(is_not_null_compl(<subquery2>), <if>(found_match(<subquery2>), false, true), true)",\n                "materialized_from_subquery": {\n                  "using_temporary_table": true,\n                  "query_block": {\n                    "table": {\n                      "table_name": "SUPPLIER",\n                      "access_type": "ALL",\n                      "rows_examined_per_scan": 198254,\n                      "rows_produced_per_join": 198254,\n                      "filtered": "100.00",\n                      "cost_info": {\n                        "read_cost": "585.00",\n                        "eval_cost": "19825.40",\n                        "prefix_cost": "20410.40",\n                        "data_read_per_join": "142M"\n                      },\n                      "used_columns": [\n                        "S_SUPPKEY",\n                        "S_COMMENT"\n                      ],\n                      "attached_condition": "(`tpchsgd`.`supplier`.`S_COMMENT` like \'%Customer%Complaints%\')"\n                    }\n                  }\n                }\n              }\n            }\n          ]\n        }\n      }\n    }\n  }\n}',)
Thread 0 -> Explain plan for Query/17.sql:
('{\n  "query_block": {\n    "select_id": 1,\n    "cost_info": {\n      "query_cost": "457073857675.47"\n    },\n    "nested_loop": [\n      {\n        "table": {\n          "table_name": "PART",\n          "access_type": "ALL",\n          "rows_examined_per_scan": 3938257,\n          "rows_produced_per_join": 39382,\n          "filtered": "1.00",\n          "cost_info": {\n            "read_cost": "432447.44",\n            "eval_cost": "3938.26",\n            "prefix_cost": "436385.70",\n            "data_read_per_join": "23M"\n          },\n          "used_columns": [\n            "P_PARTKEY",\n            "P_BRAND",\n            "P_CONTAINER"\n          ],\n          "attached_condition": "((`tpchsgd`.`part`.`P_CONTAINER` = \'WRAP PKG\') and (`tpchsgd`.`part`.`P_BRAND` = \'Brand#44\'))"\n        }\n      },\n      {\n        "table": {\n          "table_name": "LINEITEM",\n          "access_type": "ALL",\n          "rows_examined_per_scan": 116055800,\n          "rows_produced_per_join": 457057605902,\n          "filtered": "10.00",\n          "using_join_buffer": "hash join",\n          "cost_info": {\n            "read_cost": "15822198.40",\n            "eval_cost": "45705760590.21",\n            "prefix_cost": "457073857675.47",\n            "data_read_per_join": "159T"\n          },\n          "used_columns": [\n            "L_PARTKEY",\n            "L_QUANTITY",\n            "L_EXTENDEDPRICE"\n          ],\n          "attached_condition": "((`tpchsgd`.`lineitem`.`L_PARTKEY` = `tpchsgd`.`part`.`P_PARTKEY`) and (`tpchsgd`.`lineitem`.`L_QUANTITY` < (/* select#2 */ select (0.2 * avg(`tpchsgd`.`lineitem`.`L_QUANTITY`)) from `tpchsgd`.`lineitem` where (`tpchsgd`.`lineitem`.`L_PARTKEY` = `tpchsgd`.`part`.`P_PARTKEY`))))",\n          "attached_subqueries": [\n            {\n              "dependent": true,\n              "cacheable": false,\n              "query_block": {\n                "select_id": 2,\n                "cost_info": {\n                  "query_cost": "12767308.00"\n                },\n                "table": {\n                  "table_name": "LINEITEM",\n                  "access_type": "ALL",\n                  "rows_examined_per_scan": 116055800,\n                  "rows_produced_per_join": 11605580,\n                  "filtered": "10.00",\n                  "cost_info": {\n                    "read_cost": "1161728.00",\n                    "eval_cost": "1160558.02",\n                    "prefix_cost": "12767308.00",\n                    "data_read_per_join": "4G"\n                  },\n                  "used_columns": [\n                    "L_PARTKEY",\n                    "L_QUANTITY"\n                  ],\n                  "attached_condition": "(`tpchsgd`.`lineitem`.`L_PARTKEY` = `tpchsgd`.`part`.`P_PARTKEY`)"\n                }\n              }\n            }\n          ]\n        }\n      }\n    ]\n  }\n}',)
Thread 0 -> Explain plan for Query/18.sql:
('{\n  "query_block": {\n    "select_id": 1,\n    "cost_info": {\n      "query_cost": "8.9796617106256e+19"\n    },\n    "ordering_operation": {\n      "using_filesort": true,\n      "grouping_operation": {\n        "using_temporary_table": true,\n        "using_filesort": false,\n        "nested_loop": [\n          {\n            "table": {\n              "table_name": "CUSTOMER",\n              "access_type": "ALL",\n              "rows_examined_per_scan": 2778441,\n              "rows_produced_per_join": 2778441,\n              "filtered": "100.00",\n              "cost_info": {\n                "read_cost": "36032.00",\n                "eval_cost": "277844.10",\n                "prefix_cost": "313876.10",\n                "data_read_per_join": "2G"\n              },\n              "used_columns": [\n                "C_CUSTKEY",\n                "C_NAME"\n              ]\n            }\n          },\n          {\n            "table": {\n              "table_name": "ORDERS",\n              "access_type": "ALL",\n              "rows_examined_per_scan": 27846557,\n              "rows_produced_per_join": 7737001683054,\n              "filtered": "10.00",\n              "using_join_buffer": "hash join",\n              "cost_info": {\n                "read_cost": "284940869.30",\n                "eval_cost": "773700168305.40",\n                "prefix_cost": "7737286822509.10",\n                "data_read_per_join": "3P"\n              },\n              "used_columns": [\n                "O_ORDERKEY",\n                "O_CUSTKEY",\n                "O_TOTALPRICE",\n                "O_ORDERDATE"\n              ],\n              "attached_condition": "((`tpchsgd`.`orders`.`O_CUSTKEY` = `tpchsgd`.`customer`.`C_CUSTKEY`) and <in_optimizer>(`tpchsgd`.`orders`.`O_ORDERKEY`,`tpchsgd`.`orders`.`O_ORDERKEY` in ( <materialize> (/* select#2 */ select `tpchsgd`.`lineitem`.`L_ORDERKEY` from `tpchsgd`.`lineitem` group by `tpchsgd`.`lineitem`.`L_ORDERKEY` having (sum(`tpchsgd`.`lineitem`.`L_QUANTITY`) > 314) ), <primary_index_lookup>(`tpchsgd`.`orders`.`O_ORDERKEY` in <temporary table> on <auto_distinct_key> where ((`tpchsgd`.`orders`.`O_ORDERKEY` = `<materialized_subquery>`.`l_orderkey`))))))",\n              "attached_subqueries": [\n                {\n                  "table": {\n                    "table_name": "<materialized_subquery>",\n                    "access_type": "eq_ref",\n                    "key": "<auto_key>",\n                    "key_length": "4",\n                    "rows_examined_per_scan": 1,\n                    "materialized_from_subquery": {\n                      "using_temporary_table": true,\n                      "dependent": true,\n                      "cacheable": false,\n                      "query_block": {\n                        "select_id": 2,\n                        "cost_info": {\n                          "query_cost": "12767308.00"\n                        },\n                        "grouping_operation": {\n                          "using_temporary_table": true,\n                          "using_filesort": false,\n                          "table": {\n                            "table_name": "LINEITEM",\n                            "access_type": "ALL",\n                            "rows_examined_per_scan": 116055800,\n                            "rows_produced_per_join": 116055800,\n                            "filtered": "100.00",\n                            "cost_info": {\n                              "read_cost": "1161728.00",\n                              "eval_cost": "11605580.00",\n                              "prefix_cost": "12767308.00",\n                              "data_read_per_join": "41G"\n                            },\n                            "used_columns": [\n                              "L_ORDERKEY",\n                              "L_QUANTITY"\n                            ]\n                          }\n                        }\n                      }\n                    }\n                  }\n                }\n              ]\n            }\n          },\n          {\n            "table": {\n              "table_name": "LINEITEM",\n              "access_type": "ALL",\n              "rows_examined_per_scan": 116055800,\n              "rows_produced_per_join": 18446744073709549568,\n              "filtered": "10.00",\n              "using_join_buffer": "hash join",\n              "cost_info": {\n                "read_cost": "4.2173761510025e+15",\n                "eval_cost": "8.9792393330829e+18",\n                "prefix_cost": "8.9796617106256e+19",\n                "data_read_per_join": "29Z"\n              },\n              "used_columns": [\n                "L_ORDERKEY",\n                "L_QUANTITY"\n              ],\n              "attached_condition": "(`tpchsgd`.`lineitem`.`L_ORDERKEY` = `tpchsgd`.`orders`.`O_ORDERKEY`)"\n            }\n          }\n        ]\n      }\n    }\n  }\n}',)
Thread 0 -> Explain plan for Query/19.sql:
('{\n  "query_block": {\n    "select_id": 1,\n    "cost_info": {\n      "query_cost": "4270319930.43"\n    },\n    "nested_loop": [\n      {\n        "table": {\n          "table_name": "PART",\n          "access_type": "ALL",\n          "rows_examined_per_scan": 3938257,\n          "rows_produced_per_join": 52271,\n          "filtered": "1.33",\n          "cost_info": {\n            "read_cost": "431158.51",\n            "eval_cost": "5227.19",\n            "prefix_cost": "436385.70",\n            "data_read_per_join": "30M"\n          },\n          "used_columns": [\n            "P_PARTKEY",\n            "P_BRAND",\n            "P_SIZE",\n            "P_CONTAINER"\n          ],\n          "attached_condition": "(((`tpchsgd`.`part`.`P_BRAND` = \'Brand#52\') and (`tpchsgd`.`part`.`P_CONTAINER` in (\'SM CASE\',\'SM BOX\',\'SM PACK\',\'SM PKG\')) and (`tpchsgd`.`part`.`P_SIZE` between 1 and 5)) or ((`tpchsgd`.`part`.`P_BRAND` = \'Brand#11\') and (`tpchsgd`.`part`.`P_CONTAINER` in (\'MED BAG\',\'MED BOX\',\'MED PKG\',\'MED PACK\')) and (`tpchsgd`.`part`.`P_SIZE` between 1 and 10)) or ((`tpchsgd`.`part`.`P_BRAND` = \'Brand#51\') and (`tpchsgd`.`part`.`P_CONTAINER` in (\'LG CASE\',\'LG BOX\',\'LG PACK\',\'LG PKG\')) and (`tpchsgd`.`part`.`P_SIZE` between 1 and 15)))"\n        }\n      },\n      {\n        "table": {\n          "table_name": "LINEITEM",\n          "access_type": "ALL",\n          "rows_examined_per_scan": 116055800,\n          "rows_produced_per_join": 4042594632,\n          "filtered": "0.07",\n          "using_join_buffer": "hash join",\n          "cost_info": {\n            "read_cost": "235367759.50",\n            "eval_cost": "404259463.26",\n            "prefix_cost": "4270319930.43",\n            "data_read_per_join": "1T"\n          },\n          "used_columns": [\n            "L_PARTKEY",\n            "L_QUANTITY",\n            "L_EXTENDEDPRICE",\n            "L_DISCOUNT",\n            "L_SHIPINSTRUCT",\n            "L_SHIPMODE"\n          ],\n          "attached_condition": "(((`tpchsgd`.`lineitem`.`L_SHIPINSTRUCT` = \'DELIVER IN PERSON\') and (`tpchsgd`.`part`.`P_BRAND` = \'Brand#52\') and (`tpchsgd`.`lineitem`.`L_PARTKEY` = `tpchsgd`.`part`.`P_PARTKEY`) and (`tpchsgd`.`part`.`P_CONTAINER` in (\'SM CASE\',\'SM BOX\',\'SM PACK\',\'SM PKG\')) and (`tpchsgd`.`lineitem`.`L_QUANTITY` >= 4.00) and (`tpchsgd`.`lineitem`.`L_QUANTITY` <= <cache>((4 + 10))) and (`tpchsgd`.`part`.`P_SIZE` between 1 and 5) and (`tpchsgd`.`lineitem`.`L_SHIPMODE` in (\'AIR\',\'AIR REG\'))) or ((`tpchsgd`.`lineitem`.`L_SHIPINSTRUCT` = \'DELIVER IN PERSON\') and (`tpchsgd`.`part`.`P_BRAND` = \'Brand#11\') and (`tpchsgd`.`lineitem`.`L_PARTKEY` = `tpchsgd`.`part`.`P_PARTKEY`) and (`tpchsgd`.`part`.`P_CONTAINER` in (\'MED BAG\',\'MED BOX\',\'MED PKG\',\'MED PACK\')) and (`tpchsgd`.`lineitem`.`L_QUANTITY` >= 18.00) and (`tpchsgd`.`lineitem`.`L_QUANTITY` <= <cache>((18 + 10))) and (`tpchsgd`.`part`.`P_SIZE` between 1 and 10) and (`tpchsgd`.`lineitem`.`L_SHIPMODE` in (\'AIR\',\'AIR REG\'))) or ((`tpchsgd`.`lineitem`.`L_SHIPINSTRUCT` = \'DELIVER IN PERSON\') and (`tpchsgd`.`part`.`P_BRAND` = \'Brand#51\') and (`tpchsgd`.`lineitem`.`L_PARTKEY` = `tpchsgd`.`part`.`P_PARTKEY`) and (`tpchsgd`.`part`.`P_CONTAINER` in (\'LG CASE\',\'LG BOX\',\'LG PACK\',\'LG PKG\')) and (`tpchsgd`.`lineitem`.`L_QUANTITY` >= 29.00) and (`tpchsgd`.`lineitem`.`L_QUANTITY` <= <cache>((29 + 10))) and (`tpchsgd`.`part`.`P_SIZE` between 1 and 15) and (`tpchsgd`.`lineitem`.`L_SHIPMODE` in (\'AIR\',\'AIR REG\'))))"\n        }\n      }\n    ]\n  }\n}',)
Thread 0 -> Explain plan for Query/20.sql:
('{\n  "query_block": {\n    "select_id": 1,\n    "cost_info": {\n      "query_cost": "942584510791.72"\n    },\n    "ordering_operation": {\n      "using_temporary_table": true,\n      "using_filesort": true,\n      "cost_info": {\n        "sort_cost": "49563.50"\n      },\n      "nested_loop": [\n        {\n          "table": {\n            "table_name": "NATION",\n            "access_type": "ALL",\n            "rows_examined_per_scan": 25,\n            "rows_produced_per_join": 2,\n            "filtered": "10.00",\n            "cost_info": {\n              "read_cost": "2.50",\n              "eval_cost": "0.25",\n              "prefix_cost": "2.75",\n              "data_read_per_join": "1K"\n            },\n            "used_columns": [\n              "N_NATIONKEY",\n              "N_NAME"\n            ],\n            "attached_condition": "(`tpchsgd`.`nation`.`N_NAME` = \'ALGERIA\')"\n          }\n        },\n        {\n          "table": {\n            "table_name": "SUPPLIER",\n            "access_type": "ALL",\n            "rows_examined_per_scan": 198254,\n            "rows_produced_per_join": 49563,\n            "filtered": "10.00",\n            "using_join_buffer": "hash join",\n            "cost_info": {\n              "read_cost": "585.58",\n              "eval_cost": "4956.35",\n              "prefix_cost": "50151.83",\n              "data_read_per_join": "35M"\n            },\n            "used_columns": [\n              "S_SUPPKEY",\n              "S_NAME",\n              "S_ADDRESS",\n              "S_NATIONKEY"\n            ],\n            "attached_condition": "(`tpchsgd`.`supplier`.`S_NATIONKEY` = `tpchsgd`.`nation`.`N_NATIONKEY`)"\n          }\n        },\n        {\n          "table": {\n            "table_name": "<subquery2>",\n            "access_type": "eq_ref",\n            "key": "<auto_distinct_key>",\n            "key_length": "4",\n            "ref": [\n              "tpchsgd.SUPPLIER.S_SUPPKEY"\n            ],\n            "rows_examined_per_scan": 1,\n            "materialized_from_subquery": {\n              "using_temporary_table": true,\n              "query_block": {\n                "nested_loop": [\n                  {\n                    "table": {\n                      "table_name": "PART",\n                      "access_type": "ALL",\n                      "rows_examined_per_scan": 3938257,\n                      "rows_produced_per_join": 437540,\n                      "filtered": "11.11",\n                      "cost_info": {\n                        "read_cost": "392631.66",\n                        "eval_cost": "43754.04",\n                        "prefix_cost": "436385.70",\n                        "data_read_per_join": "257M"\n                      },\n                      "used_columns": [\n                        "P_PARTKEY",\n                        "P_NAME"\n                      ],\n                      "attached_condition": "(`tpchsgd`.`part`.`P_NAME` like \'green%\')"\n                    }\n                  },\n                  {\n                    "table": {\n                      "table_name": "PARTSUPP",\n                      "access_type": "ALL",\n                      "rows_examined_per_scan": 14360913,\n                      "rows_produced_per_join": 628347967754,\n                      "filtered": "10.00",\n                      "using_join_buffer": "hash join",\n                      "cost_info": {\n                        "read_cost": "62054435.98",\n                        "eval_cost": "62834796775.44",\n                        "prefix_cost": "628410402397.42",\n                        "data_read_per_join": "470T"\n                      },\n                      "used_columns": [\n                        "PS_PARTKEY",\n                        "PS_SUPPKEY",\n                        "PS_AVAILQTY"\n                      ],\n                      "attached_condition": "((`tpchsgd`.`partsupp`.`PS_PARTKEY` = `tpchsgd`.`part`.`P_PARTKEY`) and (`tpchsgd`.`partsupp`.`PS_AVAILQTY` > (/* select#4 */ select (0.5 * sum(`tpchsgd`.`lineitem`.`L_QUANTITY`)) from `tpchsgd`.`lineitem` where ((`tpchsgd`.`lineitem`.`L_PARTKEY` = `tpchsgd`.`partsupp`.`PS_PARTKEY`) and (`tpchsgd`.`lineitem`.`L_SUPPKEY` = `tpchsgd`.`partsupp`.`PS_SUPPKEY`) and (`tpchsgd`.`lineitem`.`L_SHIPDATE` >= DATE\'1993-01-01\') and (`tpchsgd`.`lineitem`.`L_SHIPDATE` < <cache>((DATE\'1993-01-01\' + interval \'1\' year)))))))",\n                      "attached_subqueries": [\n                        {\n                          "dependent": true,\n                          "cacheable": false,\n                          "query_block": {\n                            "select_id": 4,\n                            "cost_info": {\n                              "query_cost": "12767308.00"\n                            },\n                            "table": {\n                              "table_name": "LINEITEM",\n                              "access_type": "ALL",\n                              "rows_examined_per_scan": 116055800,\n                              "rows_produced_per_join": 128925,\n                              "filtered": "0.11",\n                              "cost_info": {\n                                "read_cost": "11478057.04",\n                                "eval_cost": "12892.51",\n                                "prefix_cost": "12767308.00",\n                                "data_read_per_join": "47M"\n                              },\n                              "used_columns": [\n                                "L_PARTKEY",\n                                "L_SUPPKEY",\n                                "L_QUANTITY",\n                                "L_SHIPDATE"\n                              ],\n                              "attached_condition": "((`tpchsgd`.`lineitem`.`L_PARTKEY` = `tpchsgd`.`partsupp`.`PS_PARTKEY`) and (`tpchsgd`.`lineitem`.`L_SUPPKEY` = `tpchsgd`.`partsupp`.`PS_SUPPKEY`) and (`tpchsgd`.`lineitem`.`L_SHIPDATE` >= DATE\'1993-01-01\') and (`tpchsgd`.`lineitem`.`L_SHIPDATE` < <cache>((DATE\'1993-01-01\' + interval \'1\' year))))"\n                            }\n                          }\n                        }\n                      ]\n                    }\n                  }\n                ]\n              }\n            }\n          }\n        }\n      ]\n    }\n  }\n}',)
Thread 0 -> Explain plan for Query/21.sql:
('{\n  "query_block": {\n    "select_id": 1,\n    "cost_info": {\n      "query_cost": "1.239288287585e+24"\n    },\n    "ordering_operation": {\n      "using_filesort": true,\n      "grouping_operation": {\n        "using_temporary_table": true,\n        "using_filesort": false,\n        "nested_loop": [\n          {\n            "table": {\n              "table_name": "NATION",\n              "access_type": "ALL",\n              "rows_examined_per_scan": 25,\n              "rows_produced_per_join": 2,\n              "filtered": "10.00",\n              "cost_info": {\n                "read_cost": "2.50",\n                "eval_cost": "0.25",\n                "prefix_cost": "2.75",\n                "data_read_per_join": "1K"\n              },\n              "used_columns": [\n                "N_NATIONKEY",\n                "N_NAME"\n              ],\n              "attached_condition": "(`tpchsgd`.`nation`.`N_NAME` = \'EGYPT\')"\n            }\n          },\n          {\n            "table": {\n              "table_name": "SUPPLIER",\n              "access_type": "ALL",\n              "rows_examined_per_scan": 198254,\n              "rows_produced_per_join": 49563,\n              "filtered": "10.00",\n              "using_join_buffer": "hash join",\n              "cost_info": {\n                "read_cost": "585.58",\n                "eval_cost": "4956.35",\n                "prefix_cost": "50151.83",\n                "data_read_per_join": "35M"\n              },\n              "used_columns": [\n                "S_SUPPKEY",\n                "S_NAME",\n                "S_NATIONKEY"\n              ],\n              "attached_condition": "(`tpchsgd`.`supplier`.`S_NATIONKEY` = `tpchsgd`.`nation`.`N_NATIONKEY`)"\n            }\n          },\n          {\n            "table": {\n              "table_name": "ORDERS",\n              "access_type": "ALL",\n              "rows_examined_per_scan": 27846557,\n              "rows_produced_per_join": 138017288956,\n              "filtered": "10.00",\n              "using_join_buffer": "hash join",\n              "cost_info": {\n                "read_cost": "113470582.78",\n                "eval_cost": "13801728895.68",\n                "prefix_cost": "13915249630.29",\n                "data_read_per_join": "59T"\n              },\n              "used_columns": [\n                "O_ORDERKEY",\n                "O_ORDERSTATUS"\n              ],\n              "attached_condition": "(`tpchsgd`.`orders`.`O_ORDERSTATUS` = \'F\')"\n            }\n          },\n          {\n            "table": {\n              "table_name": "l1",\n              "access_type": "ALL",\n              "rows_examined_per_scan": 116055800,\n              "rows_produced_per_join": 53387019936186728,\n              "filtered": "0.33",\n              "using_join_buffer": "hash join",\n              "cost_info": {\n                "read_cost": "1.035464622873e+15",\n                "eval_cost": "5.3387019936187e+15",\n                "prefix_cost": "5.3490564011238e+17",\n                "data_read_per_join": "17E"\n              },\n              "used_columns": [\n                "L_ORDERKEY",\n                "L_SUPPKEY",\n                "L_COMMITDATE",\n                "L_RECEIPTDATE"\n              ],\n              "attached_condition": "((`tpchsgd`.`l1`.`L_ORDERKEY` = `tpchsgd`.`orders`.`O_ORDERKEY`) and (`tpchsgd`.`l1`.`L_SUPPKEY` = `tpchsgd`.`supplier`.`S_SUPPKEY`) and (`tpchsgd`.`l1`.`L_RECEIPTDATE` > `tpchsgd`.`l1`.`L_COMMITDATE`))"\n            }\n          },\n          {\n            "table": {\n              "table_name": "l2",\n              "access_type": "ALL",\n              "rows_examined_per_scan": 116055800,\n              "rows_produced_per_join": 53387019936186728,\n              "filtered": "9.00",\n              "first_match": "l1",\n              "using_join_buffer": "hash join",\n              "cost_info": {\n                "read_cost": "5.559914030327e+19",\n                "eval_cost": "5.3387019936187e+15",\n                "prefix_cost": "6.1964346487695e+23",\n                "data_read_per_join": "17E"\n              },\n              "used_columns": [\n                "L_ORDERKEY",\n                "L_SUPPKEY"\n              ],\n              "attached_condition": "((`tpchsgd`.`l2`.`L_ORDERKEY` = `tpchsgd`.`orders`.`O_ORDERKEY`) and (`tpchsgd`.`l2`.`L_SUPPKEY` <> `tpchsgd`.`supplier`.`S_SUPPKEY`))"\n            }\n          },\n          {\n            "table": {\n              "table_name": "l3",\n              "access_type": "ALL",\n              "rows_examined_per_scan": 116055800,\n              "rows_produced_per_join": 53387019936186728,\n              "filtered": "100.00",\n              "not_exists": true,\n              "using_join_buffer": "hash join",\n              "cost_info": {\n                "read_cost": "5.7491876994445e+19",\n                "eval_cost": "5.3387019936187e+15",\n                "prefix_cost": "1.239288287585e+24",\n                "data_read_per_join": "17E"\n              },\n              "used_columns": [\n                "L_ORDERKEY",\n                "L_SUPPKEY",\n                "L_COMMITDATE",\n                "L_RECEIPTDATE"\n              ],\n              "attached_condition": "(<if>(is_not_null_compl(l3), ((`tpchsgd`.`l3`.`L_ORDERKEY` = `tpchsgd`.`orders`.`O_ORDERKEY`) and (`tpchsgd`.`l3`.`L_SUPPKEY` <> `tpchsgd`.`supplier`.`S_SUPPKEY`) and (`tpchsgd`.`l3`.`L_RECEIPTDATE` > `tpchsgd`.`l3`.`L_COMMITDATE`)), true) and <if>(is_not_null_compl(l3), <if>(found_match(l3), false, true), true))"\n            }\n          }\n        ]\n      }\n    }\n  }\n}',)
Thread 0 -> Explain plan for Query/22.sql:
('{\n  "query_block": {\n    "select_id": 1,\n    "cost_info": {\n      "query_cost": "18666719.02"\n    },\n    "ordering_operation": {\n      "using_filesort": false,\n      "grouping_operation": {\n        "using_temporary_table": true,\n        "using_filesort": true,\n        "cost_info": {\n          "sort_cost": "926054.37"\n        },\n        "nested_loop": [\n          {\n            "table": {\n              "table_name": "CUSTOMER",\n              "access_type": "ALL",\n              "rows_examined_per_scan": 2778441,\n              "rows_produced_per_join": 926054,\n              "filtered": "33.33",\n              "cost_info": {\n                "read_cost": "36032.00",\n                "eval_cost": "92605.44",\n                "prefix_cost": "313876.10",\n                "data_read_per_join": "755M"\n              },\n              "used_columns": [\n                "C_CUSTKEY",\n                "C_PHONE",\n                "C_ACCTBAL"\n              ],\n              "attached_condition": "((substr(`tpchsgd`.`customer`.`C_PHONE`,1,2) in (\'20\',\'40\',\'22\',\'30\',\'39\',\'42\',\'21\')) and (`tpchsgd`.`customer`.`C_ACCTBAL` > (/* select#3 */ select avg(`tpchsgd`.`customer`.`C_ACCTBAL`) from `tpchsgd`.`customer` where ((`tpchsgd`.`customer`.`C_ACCTBAL` > 0.00) and (substr(`tpchsgd`.`customer`.`C_PHONE`,1,2) in (\'20\',\'40\',\'22\',\'30\',\'39\',\'42\',\'21\'))))))",\n              "attached_subqueries": [\n                {\n                  "dependent": false,\n                  "cacheable": true,\n                  "query_block": {\n                    "select_id": 3,\n                    "cost_info": {\n                      "query_cost": "313876.10"\n                    },\n                    "table": {\n                      "table_name": "CUSTOMER",\n                      "access_type": "ALL",\n                      "rows_examined_per_scan": 2778441,\n                      "rows_produced_per_join": 926054,\n                      "filtered": "33.33",\n                      "cost_info": {\n                        "read_cost": "221270.66",\n                        "eval_cost": "92605.44",\n                        "prefix_cost": "313876.10",\n                        "data_read_per_join": "755M"\n                      },\n                      "used_columns": [\n                        "C_PHONE",\n                        "C_ACCTBAL"\n                      ],\n                      "attached_condition": "((`tpchsgd`.`customer`.`C_ACCTBAL` > 0.00) and (substr(`tpchsgd`.`customer`.`C_PHONE`,1,2) in (\'20\',\'40\',\'22\',\'30\',\'39\',\'42\',\'21\')))"\n                    }\n                  }\n                }\n              ]\n            }\n          },\n          {\n            "table": {\n              "table_name": "<subquery4>",\n              "access_type": "eq_ref",\n              "key": "<auto_distinct_key>",\n              "key_length": "5",\n              "ref": [\n                "tpchsgd.CUSTOMER.C_CUSTKEY"\n              ],\n              "rows_examined_per_scan": 1,\n              "not_exists": true,\n              "attached_condition": "<if>(is_not_null_compl(<subquery4>), <if>(found_match(<subquery4>), false, true), true)",\n              "materialized_from_subquery": {\n                "using_temporary_table": true,\n                "query_block": {\n                  "table": {\n                    "table_name": "ORDERS",\n                    "access_type": "ALL",\n                    "rows_examined_per_scan": 27846557,\n                    "rows_produced_per_join": 27846555,\n                    "filtered": "100.00",\n                    "cost_info": {\n                      "read_cost": "255808.00",\n                      "eval_cost": "2784655.53",\n                      "prefix_cost": "3040463.70",\n                      "data_read_per_join": "12G"\n                    },\n                    "used_columns": [\n                      "O_CUSTKEY"\n                    ]\n                  }\n                }\n              }\n            }\n          }\n        ]\n      }\n    }\n  }\n}',)
